This is pdfTeX, Version 3.141592653-2.6-1.40.22 (TeX Live 2022/dev/Debian) (preloaded format=pdflatex 2024.9.6)  7 SEP 2024 05:22
entering extended mode
 restricted \write18 enabled.
 file:line:error style messages enabled.
 %&-line parsing enabled.
**"/home/dumdum/m2_intern/[M2] Regression methods for analysis of rice spectral reflectance data (thesis)/VoThuyTrang/f239f640fefe43bb8bc0698cafd57825.tex"
(/home/dumdum/m2_intern/[M2] Regression methods for analysis of rice spectral reflectance data (thesis)/VoThuyTrang/f239f640fefe43bb8bc0698cafd57825.tex
LaTeX2e <2021-11-15> patch level 1
L3 programming layer <2022-01-21> (/usr/share/texlive/texmf-dist/tex/latex/base/article.cls
Document Class: article 2021/10/04 v1.4n Standard LaTeX document class
(/usr/share/texlive/texmf-dist/tex/latex/base/size10.clo
File: size10.clo 2021/10/04 v1.4n Standard LaTeX file (size option)
)
\c@part=\count185
\c@section=\count186
\c@subsection=\count187
\c@subsubsection=\count188
\c@paragraph=\count189
\c@subparagraph=\count190
\c@figure=\count191
\c@table=\count192
\abovecaptionskip=\skip47
\belowcaptionskip=\skip48
\bibindent=\dimen138
) (/usr/share/texlive/texmf-dist/tex/latex/amsmath/amsmath.sty
Package: amsmath 2021/10/15 v2.17l AMS math features
\@mathmargin=\skip49

For additional information on amsmath, use the `?' option.
(/usr/share/texlive/texmf-dist/tex/latex/amsmath/amstext.sty
Package: amstext 2021/08/26 v2.01 AMS text
 (/usr/share/texlive/texmf-dist/tex/latex/amsmath/amsgen.sty
File: amsgen.sty 1999/11/30 v2.0 generic functions
\@emptytoks=\toks16
\ex@=\dimen139
)) (/usr/share/texlive/texmf-dist/tex/latex/amsmath/amsbsy.sty
Package: amsbsy 1999/11/29 v1.2d Bold Symbols
\pmbraise@=\dimen140
) (/usr/share/texlive/texmf-dist/tex/latex/amsmath/amsopn.sty
Package: amsopn 2021/08/26 v2.02 operator names
)
\inf@bad=\count193
LaTeX Info: Redefining \frac on input line 234.
\uproot@=\count194
\leftroot@=\count195
LaTeX Info: Redefining \overline on input line 399.
\classnum@=\count196
\DOTSCASE@=\count197
LaTeX Info: Redefining \ldots on input line 496.
LaTeX Info: Redefining \dots on input line 499.
LaTeX Info: Redefining \cdots on input line 620.
\Mathstrutbox@=\box50
\strutbox@=\box51
\big@size=\dimen141
LaTeX Font Info:    Redeclaring font encoding OML on input line 743.
LaTeX Font Info:    Redeclaring font encoding OMS on input line 744.
\macc@depth=\count198
\c@MaxMatrixCols=\count199
\dotsspace@=\muskip16
\c@parentequation=\count266
\dspbrk@lvl=\count267
\tag@help=\toks17
\row@=\count268
\column@=\count269
\maxfields@=\count270
\andhelp@=\toks18
\eqnshift@=\dimen142
\alignsep@=\dimen143
\tagshift@=\dimen144
\tagwidth@=\dimen145
\totwidth@=\dimen146
\lineht@=\dimen147
\@envbody=\toks19
\multlinegap=\skip50
\multlinetaggap=\skip51
\mathdisplay@stack=\toks20
LaTeX Info: Redefining \[ on input line 2938.
LaTeX Info: Redefining \] on input line 2939.
) (/usr/share/texlive/texmf-dist/tex/latex/amsfonts/amssymb.sty
Package: amssymb 2013/01/14 v3.01 AMS font symbols
 (/usr/share/texlive/texmf-dist/tex/latex/amsfonts/amsfonts.sty
Package: amsfonts 2013/01/14 v3.01 Basic AMSFonts support
\symAMSa=\mathgroup4
\symAMSb=\mathgroup5
LaTeX Font Info:    Redeclaring math symbol \hbar on input line 98.
LaTeX Font Info:    Overwriting math alphabet `\mathfrak' in version `bold'
(Font)                  U/euf/m/n --> U/euf/b/n on input line 106.
)) (/usr/share/texmf/tex/latex/lm/lmodern.sty
Package: lmodern 2009/10/30 v1.6 Latin Modern Fonts
LaTeX Font Info:    Overwriting symbol font `operators' in version `normal'
(Font)                  OT1/cmr/m/n --> OT1/lmr/m/n on input line 22.
LaTeX Font Info:    Overwriting symbol font `letters' in version `normal'
(Font)                  OML/cmm/m/it --> OML/lmm/m/it on input line 23.
LaTeX Font Info:    Overwriting symbol font `symbols' in version `normal'
(Font)                  OMS/cmsy/m/n --> OMS/lmsy/m/n on input line 24.
LaTeX Font Info:    Overwriting symbol font `largesymbols' in version `normal'
(Font)                  OMX/cmex/m/n --> OMX/lmex/m/n on input line 25.
LaTeX Font Info:    Overwriting symbol font `operators' in version `bold'
(Font)                  OT1/cmr/bx/n --> OT1/lmr/bx/n on input line 26.
LaTeX Font Info:    Overwriting symbol font `letters' in version `bold'
(Font)                  OML/cmm/b/it --> OML/lmm/b/it on input line 27.
LaTeX Font Info:    Overwriting symbol font `symbols' in version `bold'
(Font)                  OMS/cmsy/b/n --> OMS/lmsy/b/n on input line 28.
LaTeX Font Info:    Overwriting symbol font `largesymbols' in version `bold'
(Font)                  OMX/cmex/m/n --> OMX/lmex/m/n on input line 29.
LaTeX Font Info:    Overwriting math alphabet `\mathbf' in version `normal'
(Font)                  OT1/cmr/bx/n --> OT1/lmr/bx/n on input line 31.
LaTeX Font Info:    Overwriting math alphabet `\mathsf' in version `normal'
(Font)                  OT1/cmss/m/n --> OT1/lmss/m/n on input line 32.
LaTeX Font Info:    Overwriting math alphabet `\mathit' in version `normal'
(Font)                  OT1/cmr/m/it --> OT1/lmr/m/it on input line 33.
LaTeX Font Info:    Overwriting math alphabet `\mathtt' in version `normal'
(Font)                  OT1/cmtt/m/n --> OT1/lmtt/m/n on input line 34.
LaTeX Font Info:    Overwriting math alphabet `\mathbf' in version `bold'
(Font)                  OT1/cmr/bx/n --> OT1/lmr/bx/n on input line 35.
LaTeX Font Info:    Overwriting math alphabet `\mathsf' in version `bold'
(Font)                  OT1/cmss/bx/n --> OT1/lmss/bx/n on input line 36.
LaTeX Font Info:    Overwriting math alphabet `\mathit' in version `bold'
(Font)                  OT1/cmr/bx/it --> OT1/lmr/bx/it on input line 37.
LaTeX Font Info:    Overwriting math alphabet `\mathtt' in version `bold'
(Font)                  OT1/cmtt/m/n --> OT1/lmtt/m/n on input line 38.
) (/usr/share/texlive/texmf-dist/tex/generic/iftex/iftex.sty
Package: iftex 2020/03/06 v1.0d TeX engine tests
) (/usr/share/texlive/texmf-dist/tex/latex/base/fontenc.sty
Package: fontenc 2021/04/29 v2.0v Standard LaTeX package
LaTeX Font Info:    Trying to load font information for T1+lmr on input line 112.
 (/usr/share/texmf/tex/latex/lm/t1lmr.fd
File: t1lmr.fd 2009/10/30 v1.6 Font defs for Latin Modern
)) (/usr/share/texlive/texmf-dist/tex/latex/base/inputenc.sty
Package: inputenc 2021/02/14 v1.3d Input encoding file
\inpenc@prehook=\toks21
\inpenc@posthook=\toks22
) (/usr/share/texlive/texmf-dist/tex/latex/base/textcomp.sty
Package: textcomp 2020/02/02 v2.0n Standard LaTeX package
) (/usr/share/texlive/texmf-dist/tex/latex/upquote/upquote.sty
Package: upquote 2012/04/19 v1.3 upright-quote and grave-accent glyphs in verbatim
) (/usr/share/texlive/texmf-dist/tex/latex/microtype/microtype.sty
Package: microtype 2021/12/10 v3.0b Micro-typographical refinements (RS)
 (/usr/share/texlive/texmf-dist/tex/latex/graphics/keyval.sty
Package: keyval 2014/10/28 v1.15 key=value parser (DPC)
\KV@toks@=\toks23
) (/usr/share/texlive/texmf-dist/tex/latex/etoolbox/etoolbox.sty
Package: etoolbox 2020/10/05 v2.5k e-TeX tools for LaTeX (JAW)
\etb@tempcnta=\count271
)
\MT@toks=\toks24
\MT@count=\count272
\MT@tempbox=\box52
LaTeX Info: Redefining \leftprotrusion on input line 1010.
LaTeX Info: Redefining \rightprotrusion on input line 1018.
LaTeX Info: Redefining \textls on input line 1173.
\MT@outer@kern=\dimen148
LaTeX Info: Redefining \textmicrotypecontext on input line 1759.
\MT@listname@count=\count273
 (/usr/share/texlive/texmf-dist/tex/latex/microtype/microtype-pdftex.def
File: microtype-pdftex.def 2021/12/10 v3.0b Definitions specific to pdftex (RS)
LaTeX Info: Redefining \lsstyle on input line 897.
LaTeX Info: Redefining \lslig on input line 897.
\MT@outer@space=\skip52
)
Package microtype Info: Loading configuration file microtype.cfg.
 (/usr/share/texlive/texmf-dist/tex/latex/microtype/microtype.cfg
File: microtype.cfg 2021/12/10 v3.0b microtype main configuration file (RS)
)) (/usr/share/texlive/texmf-dist/tex/latex/parskip/parskip.sty
Package: parskip 2021-03-14 v2.0h non-zero parskip adjustments
 (/usr/share/texlive/texmf-dist/tex/latex/kvoptions/kvoptions.sty
Package: kvoptions 2020-10-07 v3.14 Key value format for package options (HO)
 (/usr/share/texlive/texmf-dist/tex/generic/ltxcmds/ltxcmds.sty
Package: ltxcmds 2020-05-10 v1.25 LaTeX kernel commands for general use (HO)
) (/usr/share/texlive/texmf-dist/tex/generic/kvsetkeys/kvsetkeys.sty
Package: kvsetkeys 2019/12/15 v1.18 Key value parser (HO)
))) (/usr/share/texlive/texmf-dist/tex/latex/xcolor/xcolor.sty
Package: xcolor 2021/10/31 v2.13 LaTeX color extensions (UK)
 (/usr/share/texlive/texmf-dist/tex/latex/graphics-cfg/color.cfg
File: color.cfg 2016/01/02 v1.6 sample color configuration
)
Package xcolor Info: Driver file: pdftex.def on input line 227.
 (/usr/share/texlive/texmf-dist/tex/latex/graphics-def/pdftex.def
File: pdftex.def 2020/10/05 v1.2a Graphics/color driver for pdftex
)
Package xcolor Info: Model `cmy' substituted by `cmy0' on input line 1352.
Package xcolor Info: Model `hsb' substituted by `rgb' on input line 1356.
Package xcolor Info: Model `RGB' extended on input line 1368.
Package xcolor Info: Model `HTML' substituted by `rgb' on input line 1370.
Package xcolor Info: Model `Hsb' substituted by `hsb' on input line 1371.
Package xcolor Info: Model `tHsb' substituted by `hsb' on input line 1372.
Package xcolor Info: Model `HSB' substituted by `hsb' on input line 1373.
Package xcolor Info: Model `Gray' substituted by `gray' on input line 1374.
Package xcolor Info: Model `wave' substituted by `hsb' on input line 1375.
) (/usr/share/texlive/texmf-dist/tex/latex/tools/longtable.sty
Package: longtable 2021-09-01 v4.17 Multi-page Table package (DPC)
\LTleft=\skip53
\LTright=\skip54
\LTpre=\skip55
\LTpost=\skip56
\LTchunksize=\count274
\LTcapwidth=\dimen149
\LT@head=\box53
\LT@firsthead=\box54
\LT@foot=\box55
\LT@lastfoot=\box56
\LT@gbox=\box57
\LT@cols=\count275
\LT@rows=\count276
\c@LT@tables=\count277
\c@LT@chunks=\count278
\LT@p@ftn=\toks25
) (/usr/share/texlive/texmf-dist/tex/latex/booktabs/booktabs.sty
Package: booktabs 2020/01/12 v1.61803398 Publication quality tables
\heavyrulewidth=\dimen150
\lightrulewidth=\dimen151
\cmidrulewidth=\dimen152
\belowrulesep=\dimen153
\belowbottomsep=\dimen154
\aboverulesep=\dimen155
\abovetopsep=\dimen156
\cmidrulesep=\dimen157
\cmidrulekern=\dimen158
\defaultaddspace=\dimen159
\@cmidla=\count279
\@cmidlb=\count280
\@aboverulesep=\dimen160
\@belowrulesep=\dimen161
\@thisruleclass=\count281
\@lastruleclass=\count282
\@thisrulewidth=\dimen162
) (/usr/share/texlive/texmf-dist/tex/latex/tools/array.sty
Package: array 2021/10/04 v2.5f Tabular extension package (FMi)
\col@sep=\dimen163
\ar@mcellbox=\box58
\extrarowheight=\dimen164
\NC@list=\toks26
\extratabsurround=\skip57
\backup@length=\skip58
\ar@cellbox=\box59
) (/usr/share/texlive/texmf-dist/tex/latex/multirow/multirow.sty
Package: multirow 2021/03/15 v2.8 Span multiple rows of a table
\multirow@colwidth=\skip59
\multirow@cntb=\count283
\multirow@dima=\skip60
\bigstrutjot=\dimen165
) (/usr/share/texlive/texmf-dist/tex/latex/tools/calc.sty
Package: calc 2017/05/25 v4.3 Infix arithmetic (KKT,FJ)
\calc@Acount=\count284
\calc@Bcount=\count285
\calc@Adimen=\dimen166
\calc@Bdimen=\dimen167
\calc@Askip=\skip61
\calc@Bskip=\skip62
LaTeX Info: Redefining \setlength on input line 80.
LaTeX Info: Redefining \addtolength on input line 81.
\calc@Ccount=\count286
\calc@Cskip=\skip63
) (/usr/share/texlive/texmf-dist/tex/latex/footnotehyper/footnotehyper.sty
Package: footnotehyper 2021/08/13 v1.1e hyperref aware footnote.sty (JFB)
\FNH@notes=\box60
\FNH@width=\dimen168
\FNH@toks=\toks27
) (/usr/share/texlive/texmf-dist/tex/latex/graphics/graphicx.sty
Package: graphicx 2021/09/16 v1.2d Enhanced LaTeX Graphics (DPC,SPQR)
 (/usr/share/texlive/texmf-dist/tex/latex/graphics/graphics.sty
Package: graphics 2021/03/04 v1.4d Standard LaTeX Graphics (DPC,SPQR)
 (/usr/share/texlive/texmf-dist/tex/latex/graphics/trig.sty
Package: trig 2021/08/11 v1.11 sin cos tan (DPC)
) (/usr/share/texlive/texmf-dist/tex/latex/graphics-cfg/graphics.cfg
File: graphics.cfg 2016/06/04 v1.11 sample graphics configuration
)
Package graphics Info: Driver file: pdftex.def on input line 107.
)
\Gin@req@height=\dimen169
\Gin@req@width=\dimen170
) (/usr/share/texlive/texmf-dist/tex/latex/bookmark/bookmark.sty
Package: bookmark 2020-11-06 v1.29 PDF bookmarks (HO)
 (/usr/share/texlive/texmf-dist/tex/latex/hyperref/hyperref.sty
Package: hyperref 2021-06-07 v7.00m Hypertext links for LaTeX
 (/usr/share/texlive/texmf-dist/tex/generic/pdftexcmds/pdftexcmds.sty
Package: pdftexcmds 2020-06-27 v0.33 Utility functions of pdfTeX for LuaTeX (HO)
 (/usr/share/texlive/texmf-dist/tex/generic/infwarerr/infwarerr.sty
Package: infwarerr 2019/12/03 v1.5 Providing info/warning/error messages (HO)
)
Package pdftexcmds Info: \pdf@primitive is available.
Package pdftexcmds Info: \pdf@ifprimitive is available.
Package pdftexcmds Info: \pdfdraftmode found.
) (/usr/share/texlive/texmf-dist/tex/generic/kvdefinekeys/kvdefinekeys.sty
Package: kvdefinekeys 2019-12-19 v1.6 Define keys (HO)
) (/usr/share/texlive/texmf-dist/tex/generic/pdfescape/pdfescape.sty
Package: pdfescape 2019/12/09 v1.15 Implements pdfTeX's escape features (HO)
) (/usr/share/texlive/texmf-dist/tex/latex/hycolor/hycolor.sty
Package: hycolor 2020-01-27 v1.10 Color options for hyperref/bookmark (HO)
) (/usr/share/texlive/texmf-dist/tex/latex/letltxmacro/letltxmacro.sty
Package: letltxmacro 2019/12/03 v1.6 Let assignment for LaTeX macros (HO)
) (/usr/share/texlive/texmf-dist/tex/latex/auxhook/auxhook.sty
Package: auxhook 2019-12-17 v1.6 Hooks for auxiliary files (HO)
)
\@linkdim=\dimen171
\Hy@linkcounter=\count287
\Hy@pagecounter=\count288
 (/usr/share/texlive/texmf-dist/tex/latex/hyperref/pd1enc.def
File: pd1enc.def 2021-06-07 v7.00m Hyperref: PDFDocEncoding definition (HO)
Now handling font encoding PD1 ...
... no UTF-8 mapping file for font encoding PD1
) (/usr/share/texlive/texmf-dist/tex/latex/hyperref/hyperref-langpatches.def
File: hyperref-langpatches.def 2021-06-07 v7.00m Hyperref: patches for babel languages
) (/usr/share/texlive/texmf-dist/tex/generic/intcalc/intcalc.sty
Package: intcalc 2019/12/15 v1.3 Expandable calculations with integers (HO)
) (/usr/share/texlive/texmf-dist/tex/generic/etexcmds/etexcmds.sty
Package: etexcmds 2019/12/15 v1.7 Avoid name clashes with e-TeX commands (HO)
)
\Hy@SavedSpaceFactor=\count289
 (/usr/share/texlive/texmf-dist/tex/latex/hyperref/puenc.def
File: puenc.def 2021-06-07 v7.00m Hyperref: PDF Unicode definition (HO)
Now handling font encoding PU ...
... no UTF-8 mapping file for font encoding PU
)
Package hyperref Info: Option `unicode' set `true' on input line 4073.
Package hyperref Info: Hyper figures OFF on input line 4192.
Package hyperref Info: Link nesting OFF on input line 4197.
Package hyperref Info: Hyper index ON on input line 4200.
Package hyperref Info: Plain pages OFF on input line 4207.
Package hyperref Info: Backreferencing OFF on input line 4212.
Package hyperref Info: Implicit mode ON; LaTeX internals redefined.
Package hyperref Info: Bookmarks ON on input line 4445.
\c@Hy@tempcnt=\count290
 (/usr/share/texlive/texmf-dist/tex/latex/url/url.sty
\Urlmuskip=\muskip17
Package: url 2013/09/16  ver 3.4  Verb mode for urls, etc.
)
LaTeX Info: Redefining \url on input line 4804.
\XeTeXLinkMargin=\dimen172
 (/usr/share/texlive/texmf-dist/tex/generic/bitset/bitset.sty
Package: bitset 2019/12/09 v1.3 Handle bit-vector datatype (HO)
 (/usr/share/texlive/texmf-dist/tex/generic/bigintcalc/bigintcalc.sty
Package: bigintcalc 2019/12/15 v1.5 Expandable calculations on big integers (HO)
))
\Fld@menulength=\count291
\Field@Width=\dimen173
\Fld@charsize=\dimen174
Package hyperref Info: Hyper figures OFF on input line 6076.
Package hyperref Info: Link nesting OFF on input line 6081.
Package hyperref Info: Hyper index ON on input line 6084.
Package hyperref Info: backreferencing OFF on input line 6091.
Package hyperref Info: Link coloring OFF on input line 6096.
Package hyperref Info: Link coloring with OCG OFF on input line 6101.
Package hyperref Info: PDF/A mode OFF on input line 6106.
LaTeX Info: Redefining \ref on input line 6146.
LaTeX Info: Redefining \pageref on input line 6150.
 (/usr/share/texlive/texmf-dist/tex/latex/base/atbegshi-ltx.sty
Package: atbegshi-ltx 2021/01/10 v1.0c Emulation of the original atbegshi
package with kernel methods
)
\Hy@abspage=\count292
\c@Item=\count293
\c@Hfootnote=\count294
)
Package hyperref Info: Driver (autodetected): hpdftex.
 (/usr/share/texlive/texmf-dist/tex/latex/hyperref/hpdftex.def
File: hpdftex.def 2021-06-07 v7.00m Hyperref driver for pdfTeX
 (/usr/share/texlive/texmf-dist/tex/latex/base/atveryend-ltx.sty
Package: atveryend-ltx 2020/08/19 v1.0a Emulation of the original atveryend package
with kernel methods
)
\Fld@listcount=\count295
\c@bookmark@seq@number=\count296
 (/usr/share/texlive/texmf-dist/tex/latex/rerunfilecheck/rerunfilecheck.sty
Package: rerunfilecheck 2019/12/05 v1.9 Rerun checks for auxiliary files (HO)
 (/usr/share/texlive/texmf-dist/tex/generic/uniquecounter/uniquecounter.sty
Package: uniquecounter 2019/12/15 v1.4 Provide unlimited unique counter (HO)
)
Package uniquecounter Info: New unique counter `rerunfilecheck' on input line 286.
)
\Hy@SectionHShift=\skip64
) (/usr/share/texlive/texmf-dist/tex/latex/bookmark/bkm-pdftex.def
File: bkm-pdftex.def 2020-11-06 v1.29 bookmark driver for pdfTeX (HO)
\BKM@id=\count297
)) (/usr/share/texlive/texmf-dist/tex/latex/xurl/xurl.sty
Package: xurl 2022/01/09 v 0.10 modify URL breaks
) (/usr/share/texlive/texmf-dist/tex/latex/l3backend/l3backend-pdftex.def
File: l3backend-pdftex.def 2022-01-12 L3 backend support: PDF output (pdfTeX)
\l__color_backend_stack_int=\count298
\l__pdf_internal_box=\box61
) (./f239f640fefe43bb8bc0698cafd57825.aux)
\openout1 = `f239f640fefe43bb8bc0698cafd57825.aux'.

LaTeX Font Info:    Checking defaults for OML/cmm/m/it on input line 77.
LaTeX Font Info:    ... okay on input line 77.
LaTeX Font Info:    Checking defaults for OMS/cmsy/m/n on input line 77.
LaTeX Font Info:    ... okay on input line 77.
LaTeX Font Info:    Checking defaults for OT1/cmr/m/n on input line 77.
LaTeX Font Info:    ... okay on input line 77.
LaTeX Font Info:    Checking defaults for T1/cmr/m/n on input line 77.
LaTeX Font Info:    ... okay on input line 77.
LaTeX Font Info:    Checking defaults for TS1/cmr/m/n on input line 77.
LaTeX Font Info:    ... okay on input line 77.
LaTeX Font Info:    Checking defaults for OMX/cmex/m/n on input line 77.
LaTeX Font Info:    ... okay on input line 77.
LaTeX Font Info:    Checking defaults for U/cmr/m/n on input line 77.
LaTeX Font Info:    ... okay on input line 77.
LaTeX Font Info:    Checking defaults for PD1/pdf/m/n on input line 77.
LaTeX Font Info:    ... okay on input line 77.
LaTeX Font Info:    Checking defaults for PU/pdf/m/n on input line 77.
LaTeX Font Info:    ... okay on input line 77.
LaTeX Info: Redefining \microtypecontext on input line 77.
Package microtype Info: Applying patch `item' on input line 77.
Package microtype Info: Applying patch `toc' on input line 77.
Package microtype Info: Applying patch `eqnum' on input line 77.
Package microtype Info: Applying patch `footnote' on input line 77.
Package microtype Info: Generating PDF output.
Package microtype Info: Character protrusion enabled (level 2).
Package microtype Info: Using protrusion set `basicmath'.
Package microtype Info: Automatic font expansion enabled (level 2),
(microtype)             stretch: 20, shrink: 20, step: 1, non-selected.
Package microtype Info: Using default expansion set `alltext-nott'.
LaTeX Info: Redefining \showhyphens on input line 77.
Package microtype Info: No adjustment of tracking.
Package microtype Info: No adjustment of interword spacing.
Package microtype Info: No adjustment of character kerning.
 (/usr/share/texlive/texmf-dist/tex/latex/microtype/mt-cmr.cfg
File: mt-cmr.cfg 2013/05/19 v2.2 microtype config. file: Computer Modern Roman (RS)
) (/usr/share/texlive/texmf-dist/tex/context/base/mkii/supp-pdf.mkii
[Loading MPS to PDF converter (version 2006.09.02).]
\scratchcounter=\count299
\scratchdimen=\dimen175
\scratchbox=\box62
\nofMPsegments=\count300
\nofMParguments=\count301
\everyMPshowfont=\toks28
\MPscratchCnt=\count302
\MPscratchDim=\dimen176
\MPnumerator=\count303
\makeMPintoPDFobject=\count304
\everyMPtoPDFconversion=\toks29
) (/usr/share/texlive/texmf-dist/tex/latex/epstopdf-pkg/epstopdf-base.sty
Package: epstopdf-base 2020-01-24 v2.11 Base part for package epstopdf
Package epstopdf-base Info: Redefining graphics rule for `.eps' on input line 485.
 (/usr/share/texlive/texmf-dist/tex/latex/latexconfig/epstopdf-sys.cfg
File: epstopdf-sys.cfg 2010/07/13 v1.3 Configuration of (r)epstopdf for TeX Live
))
Package hyperref Info: Link coloring OFF on input line 77.
 (/usr/share/texlive/texmf-dist/tex/latex/hyperref/nameref.sty
Package: nameref 2021-04-02 v2.47 Cross-referencing by name of section
 (/usr/share/texlive/texmf-dist/tex/latex/refcount/refcount.sty
Package: refcount 2019/12/15 v3.6 Data extraction from label references (HO)
) (/usr/share/texlive/texmf-dist/tex/generic/gettitlestring/gettitlestring.sty
Package: gettitlestring 2019/12/15 v1.6 Cleanup title references (HO)
)
\c@section@level=\count305
)
LaTeX Info: Redefining \ref on input line 77.
LaTeX Info: Redefining \pageref on input line 77.
LaTeX Info: Redefining \nameref on input line 77.
<vertopal_f239f640fefe43bb8bc0698cafd57825/media/image5.png, id=4, 881.2925pt x 422.57875pt>
File: vertopal_f239f640fefe43bb8bc0698cafd57825/media/image5.png Graphic file (type png)
<use vertopal_f239f640fefe43bb8bc0698cafd57825/media/image5.png>
Package pdftex.def Info: vertopal_f239f640fefe43bb8bc0698cafd57825/media/image5.png  used on input line 85.
(pdftex.def)             Requested size: 296.01813pt x 141.94035pt.
 [1

{/var/lib/texmf/fonts/map/pdftex/updmap/pdftex.map} <./vertopal_f239f640fefe43bb8bc0698cafd57825/media/image5.png>] [2] [3] [4] [5] [6]
LaTeX Font Info:    Trying to load font information for OT1+lmr on input line 588.
 (/usr/share/texmf/tex/latex/lm/ot1lmr.fd
File: ot1lmr.fd 2009/10/30 v1.6 Font defs for Latin Modern
)
LaTeX Font Info:    Trying to load font information for OML+lmm on input line 588.
 (/usr/share/texmf/tex/latex/lm/omllmm.fd
File: omllmm.fd 2009/10/30 v1.6 Font defs for Latin Modern
)
LaTeX Font Info:    Trying to load font information for OMS+lmsy on input line 588.
 (/usr/share/texmf/tex/latex/lm/omslmsy.fd
File: omslmsy.fd 2009/10/30 v1.6 Font defs for Latin Modern
)
LaTeX Font Info:    Trying to load font information for OMX+lmex on input line 588.
 (/usr/share/texmf/tex/latex/lm/omxlmex.fd
File: omxlmex.fd 2009/10/30 v1.6 Font defs for Latin Modern
)
LaTeX Font Info:    External font `lmex10' loaded for size
(Font)              <10> on input line 588.
LaTeX Font Info:    External font `lmex10' loaded for size
(Font)              <7> on input line 588.
LaTeX Font Info:    External font `lmex10' loaded for size
(Font)              <5> on input line 588.
LaTeX Font Info:    Trying to load font information for U+msa on input line 588.
 (/usr/share/texlive/texmf-dist/tex/latex/amsfonts/umsa.fd
File: umsa.fd 2013/01/14 v3.01 AMS symbols A
) (/usr/share/texlive/texmf-dist/tex/latex/microtype/mt-msa.cfg
File: mt-msa.cfg 2006/02/04 v1.1 microtype config. file: AMS symbols (a) (RS)
)
LaTeX Font Info:    Trying to load font information for U+msb on input line 588.
 (/usr/share/texlive/texmf-dist/tex/latex/amsfonts/umsb.fd
File: umsb.fd 2013/01/14 v3.01 AMS symbols B
) (/usr/share/texlive/texmf-dist/tex/latex/microtype/mt-msb.cfg
File: mt-msb.cfg 2005/06/01 v1.0 microtype config. file: AMS symbols (b) (RS)
) [7] [8]
LaTeX Font Info:    Trying to load font information for TS1+lmr on input line 644.
 (/usr/share/texmf/tex/latex/lm/ts1lmr.fd
File: ts1lmr.fd 2009/10/30 v1.6 Font defs for Latin Modern
) [9]
<vertopal_f239f640fefe43bb8bc0698cafd57825/media/image11.png, id=251, 949.5475pt x 643.40375pt>
File: vertopal_f239f640fefe43bb8bc0698cafd57825/media/image11.png Graphic file (type png)
<use vertopal_f239f640fefe43bb8bc0698cafd57825/media/image11.png>
Package pdftex.def Info: vertopal_f239f640fefe43bb8bc0698cafd57825/media/image11.png  used on input line 709.
(pdftex.def)             Requested size: 333.5057pt x 225.98009pt.

Overfull \hbox (38.50577pt too wide) in paragraph at lines 709--710
[][] 
 []

[10 <./vertopal_f239f640fefe43bb8bc0698cafd57825/media/image11.png>]
<vertopal_f239f640fefe43bb8bc0698cafd57825/media/image1.png, id=262, 688.5725pt x 514.92375pt>
File: vertopal_f239f640fefe43bb8bc0698cafd57825/media/image1.png Graphic file (type png)
<use vertopal_f239f640fefe43bb8bc0698cafd57825/media/image1.png>
Package pdftex.def Info: vertopal_f239f640fefe43bb8bc0698cafd57825/media/image1.png  used on input line 777.
(pdftex.def)             Requested size: 325.84604pt x 243.67204pt.

Overfull \hbox (30.8461pt too wide) in paragraph at lines 777--778
[][] 
 []

[11 <./vertopal_f239f640fefe43bb8bc0698cafd57825/media/image1.png>]
<vertopal_f239f640fefe43bb8bc0698cafd57825/media/image8.png, id=270, 505.89pt x 132.495pt>
File: vertopal_f239f640fefe43bb8bc0698cafd57825/media/image8.png Graphic file (type png)
<use vertopal_f239f640fefe43bb8bc0698cafd57825/media/image8.png>
Package pdftex.def Info: vertopal_f239f640fefe43bb8bc0698cafd57825/media/image8.png  used on input line 850.
(pdftex.def)             Requested size: 226.79155pt x 59.39778pt.
 [12 <./vertopal_f239f640fefe43bb8bc0698cafd57825/media/image8.png>] [13] [14] [15]
<vertopal_f239f640fefe43bb8bc0698cafd57825/media/image13.png, id=302, 2055.68pt x 1237.62375pt>
File: vertopal_f239f640fefe43bb8bc0698cafd57825/media/image13.png Graphic file (type png)
<use vertopal_f239f640fefe43bb8bc0698cafd57825/media/image13.png>
Package pdftex.def Info: vertopal_f239f640fefe43bb8bc0698cafd57825/media/image13.png  used on input line 1117.
(pdftex.def)             Requested size: 380.79672pt x 229.25896pt.

Overfull \hbox (85.79678pt too wide) in paragraph at lines 1117--1118
[][] 
 []

[16 <./vertopal_f239f640fefe43bb8bc0698cafd57825/media/image13.png>]
<vertopal_f239f640fefe43bb8bc0698cafd57825/media/image4.png, id=310, 2055.68pt x 1655.18375pt>
File: vertopal_f239f640fefe43bb8bc0698cafd57825/media/image4.png Graphic file (type png)
<use vertopal_f239f640fefe43bb8bc0698cafd57825/media/image4.png>
Package pdftex.def Info: vertopal_f239f640fefe43bb8bc0698cafd57825/media/image4.png  used on input line 1152.
(pdftex.def)             Requested size: 331.4249pt x 266.85529pt.

Overfull \hbox (36.42496pt too wide) in paragraph at lines 1152--1153
[][] 
 []

[17 <./vertopal_f239f640fefe43bb8bc0698cafd57825/media/image4.png>] [18]
<vertopal_f239f640fefe43bb8bc0698cafd57825/media/image10.png, id=323, 1320.935pt x 1003.75pt>
File: vertopal_f239f640fefe43bb8bc0698cafd57825/media/image10.png Graphic file (type png)
<use vertopal_f239f640fefe43bb8bc0698cafd57825/media/image10.png>
Package pdftex.def Info: vertopal_f239f640fefe43bb8bc0698cafd57825/media/image10.png  used on input line 1293.
(pdftex.def)             Requested size: 266.11728pt x 202.21678pt.
 [19] [20 <./vertopal_f239f640fefe43bb8bc0698cafd57825/media/image10.png>]
<vertopal_f239f640fefe43bb8bc0698cafd57825/media/image7.png, id=339, 1971.365pt x 927.465pt>
File: vertopal_f239f640fefe43bb8bc0698cafd57825/media/image7.png Graphic file (type png)
<use vertopal_f239f640fefe43bb8bc0698cafd57825/media/image7.png>
Package pdftex.def Info: vertopal_f239f640fefe43bb8bc0698cafd57825/media/image7.png  used on input line 1348.
(pdftex.def)             Requested size: 385.7833pt x 181.49886pt.

Overfull \hbox (90.78336pt too wide) in paragraph at lines 1348--1349
[][] 
 []

[21 <./vertopal_f239f640fefe43bb8bc0698cafd57825/media/image7.png>] [22] [23] [24]
<vertopal_f239f640fefe43bb8bc0698cafd57825/media/image14.png, id=367, 2055.68pt x 379.4175pt>
File: vertopal_f239f640fefe43bb8bc0698cafd57825/media/image14.png Graphic file (type png)
<use vertopal_f239f640fefe43bb8bc0698cafd57825/media/image14.png>
Package pdftex.def Info: vertopal_f239f640fefe43bb8bc0698cafd57825/media/image14.png  used on input line 1642.
(pdftex.def)             Requested size: 436.12831pt x 80.49632pt.

Overfull \hbox (141.12837pt too wide) in paragraph at lines 1642--1643
[][] 
 []

<vertopal_f239f640fefe43bb8bc0698cafd57825/media/image9.png, id=368, 2055.68pt x 957.5775pt>
File: vertopal_f239f640fefe43bb8bc0698cafd57825/media/image9.png Graphic file (type png)
<use vertopal_f239f640fefe43bb8bc0698cafd57825/media/image9.png>
Package pdftex.def Info: vertopal_f239f640fefe43bb8bc0698cafd57825/media/image9.png  used on input line 1675.
(pdftex.def)             Requested size: 312.41643pt x 145.5299pt.

Overfull \hbox (17.41649pt too wide) in paragraph at lines 1675--1676
[][] 
 []

[25 <./vertopal_f239f640fefe43bb8bc0698cafd57825/media/image14.png>] [26 <./vertopal_f239f640fefe43bb8bc0698cafd57825/media/image9.png>] [27]
Overfull \hbox (1.33746pt too wide) in paragraph at lines 1942--1943
[]\T1/lmr/m/n/10 (-20) St.Deviation  
 []

<vertopal_f239f640fefe43bb8bc0698cafd57825/media/image3.png, id=390, 2055.68pt x 661.47125pt>
File: vertopal_f239f640fefe43bb8bc0698cafd57825/media/image3.png Graphic file (type png)
<use vertopal_f239f640fefe43bb8bc0698cafd57825/media/image3.png>
Package pdftex.def Info: vertopal_f239f640fefe43bb8bc0698cafd57825/media/image3.png  used on input line 1997.
(pdftex.def)             Requested size: 419.69194pt x 135.04735pt.

Overfull \hbox (124.692pt too wide) in paragraph at lines 1997--1998
[][] 
 []

[28 <./vertopal_f239f640fefe43bb8bc0698cafd57825/media/image3.png>] [29]
<vertopal_f239f640fefe43bb8bc0698cafd57825/media/image2.png, id=409, 597.23125pt x 411.5375pt>
File: vertopal_f239f640fefe43bb8bc0698cafd57825/media/image2.png Graphic file (type png)
<use vertopal_f239f640fefe43bb8bc0698cafd57825/media/image2.png>
Package pdftex.def Info: vertopal_f239f640fefe43bb8bc0698cafd57825/media/image2.png  used on input line 2106.
(pdftex.def)             Requested size: 349.2285pt x 240.64485pt.

Overfull \hbox (54.22856pt too wide) in paragraph at lines 2106--2107
[][] 
 []

[30] [31 <./vertopal_f239f640fefe43bb8bc0698cafd57825/media/image2.png>]
<vertopal_f239f640fefe43bb8bc0698cafd57825/media/image6.png, id=423, 2055.68pt x 797.98125pt>
File: vertopal_f239f640fefe43bb8bc0698cafd57825/media/image6.png Graphic file (type png)
<use vertopal_f239f640fefe43bb8bc0698cafd57825/media/image6.png>
Package pdftex.def Info: vertopal_f239f640fefe43bb8bc0698cafd57825/media/image6.png  used on input line 2147.
(pdftex.def)             Requested size: 415.83379pt x 161.41985pt.

Overfull \hbox (120.83385pt too wide) in paragraph at lines 2147--2148
[][] 
 []

[32 <./vertopal_f239f640fefe43bb8bc0698cafd57825/media/image6.png>] [33]
Overfull \hbox (7.89127pt too wide) in paragraph at lines 2573--2574
[]\T1/lmr/m/n/10 (-20) MAPE  
 []


Overfull \hbox (3.37016pt too wide) in paragraph at lines 2575--2576
[]\T1/lmr/m/n/10 (-20) MSE  
 []


Overfull \hbox (7.89127pt too wide) in paragraph at lines 2579--2580
[]\T1/lmr/m/n/10 (-20) MAPE  
 []


Overfull \hbox (3.84097pt too wide) in paragraph at lines 2585--2586
[]\T1/lmr/m/n/10 (-20) MAPE  
 []


Overfull \hbox (3.38734pt too wide) in paragraph at lines 2594--2595
[]\T1/lmr/m/n/10 (-20) 6.34%  
 []


Overfull \hbox (3.38734pt too wide) in paragraph at lines 2600--2601
[]\T1/lmr/m/n/10 (-20) 6.30%  
 []


Overfull \hbox (3.59541pt too wide) in paragraph at lines 2606--2607
[]\T1/lmr/bx/n/10 (-20) 6.29%  
 []


Overfull \hbox (3.38734pt too wide) in paragraph at lines 2615--2616
[]\T1/lmr/m/n/10 (-20) 6.38%  
 []


Overfull \hbox (3.59491pt too wide) in paragraph at lines 2617--2618
[]\T1/lmr/m/n/10 (-20) 10.17  
 []


Overfull \hbox (3.38734pt too wide) in paragraph at lines 2621--2622
[]\T1/lmr/m/n/10 (-20) 6.38%  
 []


Overfull \hbox (3.38734pt too wide) in paragraph at lines 2636--2637
[]\T1/lmr/m/n/10 (-20) 6.57%  
 []


Overfull \hbox (3.84491pt too wide) in paragraph at lines 2638--2639
[]\T1/lmr/m/n/10 (-20) 10.45  
 []


Overfull \hbox (3.38734pt too wide) in paragraph at lines 2642--2643
[]\T1/lmr/m/n/10 (-20) 6.57%  
 []


Overfull \hbox (3.38734pt too wide) in paragraph at lines 2657--2658
[]\T1/lmr/m/n/10 (-20) 6.53%  
 []


Overfull \hbox (3.38734pt too wide) in paragraph at lines 2663--2664
[]\T1/lmr/m/n/10 (-20) 6.32%  
 []


Overfull \hbox (3.38734pt too wide) in paragraph at lines 2678--2679
[]\T1/lmr/m/n/10 (-20) 6.49%  
 []


Overfull \hbox (3.38734pt too wide) in paragraph at lines 2684--2685
[]\T1/lmr/m/n/10 (-20) 6.48%  
 []


Overfull \hbox (3.38734pt too wide) in paragraph at lines 2699--2700
[]\T1/lmr/m/n/10 (-20) 6.38%  
 []


Overfull \hbox (3.59491pt too wide) in paragraph at lines 2701--2702
[]\T1/lmr/m/n/10 (-20) 10.17  
 []


Overfull \hbox (3.38734pt too wide) in paragraph at lines 2705--2706
[]\T1/lmr/m/n/10 (-20) 6.38%  
 []


Overfull \hbox (3.38734pt too wide) in paragraph at lines 2720--2721
[]\T1/lmr/m/n/10 (-20) 6.42%  
 []


Overfull \hbox (3.7449pt too wide) in paragraph at lines 2722--2723
[]\T1/lmr/m/n/10 (-20) 10.24  
 []


Overfull \hbox (3.38734pt too wide) in paragraph at lines 2726--2727
[]\T1/lmr/m/n/10 (-20) 6.42%  
 []


Overfull \hbox (3.38734pt too wide) in paragraph at lines 2741--2742
[]\T1/lmr/m/n/10 (-20) 6.44%  
 []


Overfull \hbox (3.84491pt too wide) in paragraph at lines 2743--2744
[]\T1/lmr/m/n/10 (-20) 10.20  
 []


Overfull \hbox (3.38734pt too wide) in paragraph at lines 2747--2748
[]\T1/lmr/m/n/10 (-20) 6.44%  
 []


Overfull \hbox (3.38734pt too wide) in paragraph at lines 2762--2763
[]\T1/lmr/m/n/10 (-20) 6.66%  
 []


Overfull \hbox (3.7449pt too wide) in paragraph at lines 2764--2765
[]\T1/lmr/m/n/10 (-20) 10.84  
 []


Overfull \hbox (3.38734pt too wide) in paragraph at lines 2768--2769
[]\T1/lmr/m/n/10 (-20) 6.74%  
 []


Overfull \hbox (3.38734pt too wide) in paragraph at lines 2783--2784
[]\T1/lmr/m/n/10 (-20) 6.41%  
 []


Overfull \hbox (3.84491pt too wide) in paragraph at lines 2785--2786
[]\T1/lmr/m/n/10 (-20) 10.18  
 []


Overfull \hbox (3.38734pt too wide) in paragraph at lines 2789--2790
[]\T1/lmr/m/n/10 (-20) 6.41%  
 []


Overfull \hbox (3.38734pt too wide) in paragraph at lines 2804--2805
[]\T1/lmr/m/n/10 (-20) 6.49%  
 []


Overfull \hbox (3.38734pt too wide) in paragraph at lines 2810--2811
[]\T1/lmr/m/n/10 (-20) 6.48%  
 []


Overfull \hbox (3.38734pt too wide) in paragraph at lines 2825--2826
[]\T1/lmr/m/n/10 (-20) 6.63%  
 []


Overfull \hbox (2.30829pt too wide) in paragraph at lines 2827--2828
[]\T1/lmr/bx/n/10 (-20) 9.55  
 []


Overfull \hbox (0.84006pt too wide) in paragraph at lines 2829--2830
[]\T1/lmr/bx/n/10 (-20) 0.06  
 []


Overfull \hbox (7.6457pt too wide) in paragraph at lines 2831--2832
[]\T1/lmr/bx/n/10 (-20) 6.28%  
 []


Overfull \hbox (1.21616pt too wide) in paragraph at lines 2844--2845
[]\T1/lmr/bx/n/10 (-20) 0.04  
 []


Overfull \hbox (7.6457pt too wide) in paragraph at lines 2846--2847
[]\T1/lmr/bx/n/10 (-20) 6.35%  
 []


Overfull \hbox (3.38734pt too wide) in paragraph at lines 2852--2853
[]\T1/lmr/m/n/10 (-20) 6.35%  
 []


Overfull \hbox (3.38734pt too wide) in paragraph at lines 2867--2868
[]\T1/lmr/m/n/10 (-20) 6.43%  
 []


Overfull \hbox (3.84491pt too wide) in paragraph at lines 2869--2870
[]\T1/lmr/m/n/10 (-20) 10.05  
 []


Overfull \hbox (3.38734pt too wide) in paragraph at lines 2873--2874
[]\T1/lmr/m/n/10 (-20) 6.43%  
 []


Overfull \hbox (3.38734pt too wide) in paragraph at lines 2888--2889
[]\T1/lmr/m/n/10 (-20) 6.36%  
 []


Overfull \hbox (3.84491pt too wide) in paragraph at lines 2890--2891
[]\T1/lmr/m/n/10 (-20) 10.13  
 []


Overfull \hbox (3.38734pt too wide) in paragraph at lines 2894--2895
[]\T1/lmr/m/n/10 (-20) 6.46%  
 []

[34] [35]
Overfull \hbox (1.76106pt too wide) in paragraph at lines 2988--2989
[]\T1/lmr/m/n/10 (-20) 590452.22  
 []


Overfull \hbox (1.76106pt too wide) in paragraph at lines 3003--3004
[]\T1/lmr/m/n/10 (-20) 595473.73  
 []


Overfull \hbox (1.76106pt too wide) in paragraph at lines 3018--3019
[]\T1/lmr/m/n/10 (-20) 582468.28  
 []


Overfull \hbox (1.76106pt too wide) in paragraph at lines 3033--3034
[]\T1/lmr/m/n/10 (-20) 652626.33  
 []


Overfull \hbox (1.76106pt too wide) in paragraph at lines 3048--3049
[]\T1/lmr/m/n/10 (-20) 590451.83  
 []


Overfull \hbox (1.76106pt too wide) in paragraph at lines 3063--3064
[]\T1/lmr/m/n/10 (-20) 590618.05  
 []


Overfull \hbox (1.76106pt too wide) in paragraph at lines 3078--3079
[]\T1/lmr/m/n/10 (-20) 661215.46  
 []


Overfull \hbox (1.76106pt too wide) in paragraph at lines 3093--3094
[]\T1/lmr/m/n/10 (-20) 591921.09  
 []


Overfull \hbox (1.76106pt too wide) in paragraph at lines 3108--3109
[]\T1/lmr/m/n/10 (-20) 580239.58  
 []


Overfull \hbox (1.51106pt too wide) in paragraph at lines 3123--3124
[]\T1/lmr/m/n/10 (-20) 590653.17  
 []


Overfull \hbox (1.76106pt too wide) in paragraph at lines 3138--3139
[]\T1/lmr/m/n/10 (-20) 590452.22  
 []


Overfull \hbox (1.76106pt too wide) in paragraph at lines 3153--3154
[]\T1/lmr/m/n/10 (-20) 563522.39  
 []


Overfull \hbox (8.29936pt too wide) in paragraph at lines 3168--3169
[]\T1/lmr/bx/n/10 (-20) 523516.92  
 []


Overfull \hbox (1.66106pt too wide) in paragraph at lines 3183--3184
[]\T1/lmr/m/n/10 (-20) 578611.94  
 []


Overfull \hbox (1.66106pt too wide) in paragraph at lines 3198--3199
[]\T1/lmr/m/n/10 (-20) 627958.64  
 []


Overfull \hbox (7.91658pt too wide) in paragraph at lines 3244--3245
[]\T1/lmr/m/n/10 (-20) MAPE  
 []


Overfull \hbox (8.2963pt too wide) in paragraph at lines 3250--3251
[]\T1/lmr/m/n/10 (-20) MAPE  
 []


Overfull \hbox (7.18246pt too wide) in paragraph at lines 3256--3257
[]\T1/lmr/m/n/10 (-20) MAPE  
 []


Overfull \hbox (14.37827pt too wide) in paragraph at lines 3261--3262
[]\T1/lmr/m/n/10 (-20) 590118.51  
 []


Overfull \hbox (7.81265pt too wide) in paragraph at lines 3265--3266
[]\T1/lmr/m/n/10 (-20) 17.64%  
 []


Overfull \hbox (14.37827pt too wide) in paragraph at lines 3267--3268
[]\T1/lmr/m/n/10 (-20) 602786.91  
 []


Overfull \hbox (8.19237pt too wide) in paragraph at lines 3271--3272
[]\T1/lmr/m/n/10 (-20) 17.58%  
 []


Overfull \hbox (15.50798pt too wide) in paragraph at lines 3273--3274
[]\T1/lmr/m/n/10 (-20) 605368.62  
 []


Overfull \hbox (0.58044pt too wide) in paragraph at lines 3275--3276
[]\T1/lmr/m/n/10 (-20) 0.00  
 []


Overfull \hbox (7.07854pt too wide) in paragraph at lines 3277--3278
[]\T1/lmr/m/n/10 (-20) 17.66%  
 []


Overfull \hbox (15.12827pt too wide) in paragraph at lines 3282--3283
[]\T1/lmr/m/n/10 (-20) 607261.99  
 []


Overfull \hbox (7.81265pt too wide) in paragraph at lines 3286--3287
[]\T1/lmr/m/n/10 (-20) 17.75%  
 []


Overfull \hbox (15.12827pt too wide) in paragraph at lines 3288--3289
[]\T1/lmr/m/n/10 (-20) 606748.22  
 []


Overfull \hbox (0.58044pt too wide) in paragraph at lines 3290--3291
[]\T1/lmr/m/n/10 (-20) 0.00  
 []


Overfull \hbox (8.19237pt too wide) in paragraph at lines 3292--3293
[]\T1/lmr/m/n/10 (-20) 17.61%  
 []


Overfull \hbox (14.75798pt too wide) in paragraph at lines 3294--3295
[]\T1/lmr/m/n/10 (-20) 574846.81  
 []


Overfull \hbox (0.58044pt too wide) in paragraph at lines 3296--3297
[]\T1/lmr/m/n/10 (-20) 0.05  
 []


Overfull \hbox (12.57188pt too wide) in paragraph at lines 3298--3299
[]\T1/lmr/bx/n/10 (-20) 17.05%  
 []


Overfull \hbox (21.66656pt too wide) in paragraph at lines 3303--3304
[]\T1/lmr/bx/n/10 (-20) 582468.28  
 []


Overfull \hbox (13.306pt too wide) in paragraph at lines 3307--3308
[]\T1/lmr/bx/n/10 (-20) 17.58%  
 []


Overfull \hbox (14.37827pt too wide) in paragraph at lines 3309--3310
[]\T1/lmr/m/n/10 (-20) 642453.51  
 []


Overfull \hbox (0.58044pt too wide) in paragraph at lines 3311--3312
\T1/lmr/m/n/10 (-20) 0.06  
 []


Overfull \hbox (8.19237pt too wide) in paragraph at lines 3313--3314
[]\T1/lmr/m/n/10 (-20) 18.60%  
 []


Overfull \hbox (14.75798pt too wide) in paragraph at lines 3315--3316
[]\T1/lmr/m/n/10 (-20) 642453.51  
 []


Overfull \hbox (0.58044pt too wide) in paragraph at lines 3317--3318
\T1/lmr/m/n/10 (-20) 0.06  
 []


Overfull \hbox (7.07854pt too wide) in paragraph at lines 3319--3320
[]\T1/lmr/m/n/10 (-20) 18.60%  
 []


Overfull \hbox (15.12827pt too wide) in paragraph at lines 3324--3325
[]\T1/lmr/m/n/10 (-20) 661956.18  
 []


Overfull \hbox (7.81265pt too wide) in paragraph at lines 3328--3329
[]\T1/lmr/m/n/10 (-20) 18.49%  
 []


Overfull \hbox (15.12827pt too wide) in paragraph at lines 3330--3331
[]\T1/lmr/m/n/10 (-20) 685801.38  
 []


Overfull \hbox (0.58044pt too wide) in paragraph at lines 3332--3333
\T1/lmr/m/n/10 (-20) 0.13  
 []


Overfull \hbox (8.19237pt too wide) in paragraph at lines 3334--3335
[]\T1/lmr/m/n/10 (-20) 18.53%  
 []


Overfull \hbox (15.50798pt too wide) in paragraph at lines 3336--3337
[]\T1/lmr/m/n/10 (-20) 601722.18  
 []


Overfull \hbox (7.07854pt too wide) in paragraph at lines 3340--3341
[]\T1/lmr/m/n/10 (-20) 17.72%  
 []


Overfull \hbox (15.12827pt too wide) in paragraph at lines 3345--3346
[]\T1/lmr/m/n/10 (-20) 607261.99  
 []


Overfull \hbox (7.81265pt too wide) in paragraph at lines 3349--3350
[]\T1/lmr/m/n/10 (-20) 17.75%  
 []


Overfull \hbox (15.12827pt too wide) in paragraph at lines 3351--3352
[]\T1/lmr/m/n/10 (-20) 622814.65  
 []


Overfull \hbox (0.58044pt too wide) in paragraph at lines 3353--3354
\T1/lmr/m/n/10 (-20) 0.03  
 []


Overfull \hbox (8.19237pt too wide) in paragraph at lines 3355--3356
[]\T1/lmr/m/n/10 (-20) 17.81%  
 []


Overfull \hbox (15.50798pt too wide) in paragraph at lines 3357--3358
[]\T1/lmr/m/n/10 (-20) 585243.96  
 []


Overfull \hbox (7.07854pt too wide) in paragraph at lines 3361--3362
[]\T1/lmr/m/n/10 (-20) 17.13%  
 []


Overfull \hbox (2.65102pt too wide) in paragraph at lines 3364--3365
[]\T1/lmr/m/n/10 (-20) ElasticNet  
 []


Overfull \hbox (15.12827pt too wide) in paragraph at lines 3366--3367
[]\T1/lmr/m/n/10 (-20) 607261.98  
 []


Overfull \hbox (7.81265pt too wide) in paragraph at lines 3370--3371
[]\T1/lmr/m/n/10 (-20) 17.75%  
 []


Overfull \hbox (15.12827pt too wide) in paragraph at lines 3372--3373
[]\T1/lmr/m/n/10 (-20) 614590.82  
 []


Overfull \hbox (8.19237pt too wide) in paragraph at lines 3376--3377
[]\T1/lmr/m/n/10 (-20) 17.72%  
 []


Overfull \hbox (15.50798pt too wide) in paragraph at lines 3378--3379
[]\T1/lmr/m/n/10 (-20) 581882.20  
 []


Overfull \hbox (7.07854pt too wide) in paragraph at lines 3382--3383
[]\T1/lmr/m/n/10 (-20) 17.17%  
 []


Overfull \hbox (15.12827pt too wide) in paragraph at lines 3387--3388
[]\T1/lmr/m/n/10 (-20) 652209.79  
 []


Overfull \hbox (7.81265pt too wide) in paragraph at lines 3391--3392
[]\T1/lmr/m/n/10 (-20) 18.58%  
 []


Overfull \hbox (15.12827pt too wide) in paragraph at lines 3393--3394
[]\T1/lmr/m/n/10 (-20) 636115.22  
 []


Overfull \hbox (0.58044pt too wide) in paragraph at lines 3395--3396
\T1/lmr/m/n/10 (-20) 0.05  
 []


Overfull \hbox (8.19237pt too wide) in paragraph at lines 3397--3398
[]\T1/lmr/m/n/10 (-20) 17.94%  
 []


Overfull \hbox (15.40797pt too wide) in paragraph at lines 3399--3400
[]\T1/lmr/m/n/10 (-20) 607906.34  
 []


Overfull \hbox (0.58044pt too wide) in paragraph at lines 3401--3402
[]\T1/lmr/m/n/10 (-20) 0.00  
 []


Overfull \hbox (7.07854pt too wide) in paragraph at lines 3403--3404
[]\T1/lmr/m/n/10 (-20) 17.58%  
 []


Overfull \hbox (15.02826pt too wide) in paragraph at lines 3408--3409
[]\T1/lmr/m/n/10 (-20) 592322.54  
 []


Overfull \hbox (7.81265pt too wide) in paragraph at lines 3412--3413
[]\T1/lmr/m/n/10 (-20) 17.58%  
 []


Overfull \hbox (21.66656pt too wide) in paragraph at lines 3414--3415
[]\T1/lmr/bx/n/10 (-20) 591923.27  
 []


Overfull \hbox (3.44382pt too wide) in paragraph at lines 3416--3417
[]\T1/lmr/bx/n/10 (-20) 0.03  
 []


Overfull \hbox (13.68571pt too wide) in paragraph at lines 3418--3419
[]\T1/lmr/bx/n/10 (-20) 17.57%  
 []


Overfull \hbox (15.50798pt too wide) in paragraph at lines 3420--3421
[]\T1/lmr/m/n/10 (-20) 591301.76  
 []


Overfull \hbox (0.58044pt too wide) in paragraph at lines 3422--3423
[]\T1/lmr/m/n/10 (-20) 0.03  
 []


Overfull \hbox (7.07854pt too wide) in paragraph at lines 3424--3425
[]\T1/lmr/m/n/10 (-20) 17.56%  
 []


Overfull \hbox (15.12827pt too wide) in paragraph at lines 3429--3430
[]\T1/lmr/m/n/10 (-20) 630209.33  
 []


Overfull \hbox (7.81265pt too wide) in paragraph at lines 3433--3434
[]\T1/lmr/m/n/10 (-20) 18.32%  
 []


Overfull \hbox (15.12827pt too wide) in paragraph at lines 3435--3436
[]\T1/lmr/m/n/10 (-20) 644217.55  
 []


Overfull \hbox (0.58044pt too wide) in paragraph at lines 3437--3438
\T1/lmr/m/n/10 (-20) 0.06  
 []


Overfull \hbox (8.19237pt too wide) in paragraph at lines 3439--3440
[]\T1/lmr/m/n/10 (-20) 18.41%  
 []


Overfull \hbox (22.04628pt too wide) in paragraph at lines 3441--3442
[]\T1/lmr/bx/n/10 (-20) 560875.99  
 []


Overfull \hbox (3.44382pt too wide) in paragraph at lines 3443--3444
[]\T1/lmr/bx/n/10 (-20) 0.08  
 []


Overfull \hbox (7.07854pt too wide) in paragraph at lines 3445--3446
[]\T1/lmr/m/n/10 (-20) 17.39%  
 []


Overfull \hbox (15.12827pt too wide) in paragraph at lines 3450--3451
[]\T1/lmr/m/n/10 (-20) 607261.99  
 []


Overfull \hbox (7.81265pt too wide) in paragraph at lines 3454--3455
[]\T1/lmr/m/n/10 (-20) 17.76%  
 []


Overfull \hbox (15.12827pt too wide) in paragraph at lines 3456--3457
[]\T1/lmr/m/n/10 (-20) 622582.18  
 []


Overfull \hbox (0.58044pt too wide) in paragraph at lines 3458--3459
\T1/lmr/m/n/10 (-20) 0.02  
 []


Overfull \hbox (8.19237pt too wide) in paragraph at lines 3460--3461
[]\T1/lmr/m/n/10 (-20) 17.81%  
 []


Overfull \hbox (15.25798pt too wide) in paragraph at lines 3462--3463
[]\T1/lmr/m/n/10 (-20) 585026.27  
 []


Overfull \hbox (7.07854pt too wide) in paragraph at lines 3466--3467
[]\T1/lmr/m/n/10 (-20) 17.13%  
 []


Overfull \hbox (15.12827pt too wide) in paragraph at lines 3471--3472
[]\T1/lmr/m/n/10 (-20) 607261.99  
 []


Overfull \hbox (7.81265pt too wide) in paragraph at lines 3475--3476
[]\T1/lmr/m/n/10 (-20) 17.75%  
 []


Overfull \hbox (14.37827pt too wide) in paragraph at lines 3477--3478
[]\T1/lmr/m/n/10 (-20) 622791.61  
 []


Overfull \hbox (0.58044pt too wide) in paragraph at lines 3479--3480
\T1/lmr/m/n/10 (-20) 0.03  
 []


Overfull \hbox (8.19237pt too wide) in paragraph at lines 3481--3482
[]\T1/lmr/m/n/10 (-20) 17.81%  
 []


Overfull \hbox (15.50798pt too wide) in paragraph at lines 3483--3484
[]\T1/lmr/m/n/10 (-20) 585244.72  
 []


Overfull \hbox (7.07854pt too wide) in paragraph at lines 3487--3488
[]\T1/lmr/m/n/10 (-20) 17.13%  
 []


Overfull \hbox (15.12827pt too wide) in paragraph at lines 3492--3493
[]\T1/lmr/m/n/10 (-20) 653114.10  
 []


Overfull \hbox (2.7097pt too wide) in paragraph at lines 3494--3495
[]\T1/lmr/bx/n/10 (-20) 0.07  
 []


Overfull \hbox (7.81265pt too wide) in paragraph at lines 3496--3497
[]\T1/lmr/m/n/10 (-20) 18.58%  
 []


Overfull \hbox (15.02826pt too wide) in paragraph at lines 3498--3499
[]\T1/lmr/m/n/10 (-20) 647898.54  
 []


Overfull \hbox (8.19237pt too wide) in paragraph at lines 3502--3503
[]\T1/lmr/m/n/10 (-20) 18.49%  
 []


Overfull \hbox (15.50798pt too wide) in paragraph at lines 3504--3505
[]\T1/lmr/m/n/10 (-20) 606994.96  
 []


Overfull \hbox (0.58044pt too wide) in paragraph at lines 3506--3507
[]\T1/lmr/m/n/10 (-20) 0.00  
 []


Overfull \hbox (7.07854pt too wide) in paragraph at lines 3508--3509
[]\T1/lmr/m/n/10 (-20) 18,10%  
 []


Overfull \hbox (15.12827pt too wide) in paragraph at lines 3513--3514
[]\T1/lmr/m/n/10 (-20) 593746.98  
 []


Overfull \hbox (7.81265pt too wide) in paragraph at lines 3517--3518
[]\T1/lmr/m/n/10 (-20) 17.69%  
 []


Overfull \hbox (15.12827pt too wide) in paragraph at lines 3519--3520
[]\T1/lmr/m/n/10 (-20) 607394.79  
 []


Overfull \hbox (0.58044pt too wide) in paragraph at lines 3521--3522
[]\T1/lmr/m/n/10 (-20) 0.00  
 []


Overfull \hbox (8.19237pt too wide) in paragraph at lines 3523--3524
[]\T1/lmr/m/n/10 (-20) 17.84%  
 []


Overfull \hbox (14.75798pt too wide) in paragraph at lines 3525--3526
[]\T1/lmr/m/n/10 (-20) 599482.31  
 []


Overfull \hbox (7.07854pt too wide) in paragraph at lines 3529--3530
[]\T1/lmr/m/n/10 (-20) 17.76%  
 []


Overfull \hbox (15.12827pt too wide) in paragraph at lines 3534--3535
[]\T1/lmr/m/n/10 (-20) 632922.32  
 []


Overfull \hbox (7.81265pt too wide) in paragraph at lines 3538--3539
[]\T1/lmr/m/n/10 (-20) 18.32%  
 []


Overfull \hbox (15.12827pt too wide) in paragraph at lines 3540--3541
[]\T1/lmr/m/n/10 (-20) 613780.26  
 []


Overfull \hbox (8.19237pt too wide) in paragraph at lines 3544--3545
[]\T1/lmr/m/n/10 (-20) 18.04%  
 []


Overfull \hbox (15.40797pt too wide) in paragraph at lines 3546--3547
[]\T1/lmr/m/n/10 (-20) 577259.24  
 []


Overfull \hbox (0.58044pt too wide) in paragraph at lines 3548--3549
[]\T1/lmr/m/n/10 (-20) 0.05  
 []


Overfull \hbox (7.07854pt too wide) in paragraph at lines 3550--3551
[]\T1/lmr/m/n/10 (-20) 17.47%  
 []


Overfull \hbox (15.02826pt too wide) in paragraph at lines 3555--3556
[]\T1/lmr/m/n/10 (-20) 627958.64  
 []


Overfull \hbox (7.81265pt too wide) in paragraph at lines 3559--3560
[]\T1/lmr/m/n/10 (-20) 18.21%  
 []


Overfull \hbox (15.02826pt too wide) in paragraph at lines 3561--3562
[]\T1/lmr/m/n/10 (-20) 627958.64  
 []


Overfull \hbox (0.58044pt too wide) in paragraph at lines 3563--3564
\T1/lmr/m/n/10 (-20) 0.03  
 []


Overfull \hbox (8.19237pt too wide) in paragraph at lines 3565--3566
[]\T1/lmr/m/n/10 (-20) 18.21%  
 []


Overfull \hbox (15.40797pt too wide) in paragraph at lines 3567--3568
[]\T1/lmr/m/n/10 (-20) 627958.64  
 []


Overfull \hbox (0.58044pt too wide) in paragraph at lines 3569--3570
\T1/lmr/m/n/10 (-20) 0.03  
 []


Overfull \hbox (7.07854pt too wide) in paragraph at lines 3571--3572
[]\T1/lmr/m/n/10 (-20) 18.21%  
 []

[36] [37]
Overfull \hbox (14.21147pt too wide) in paragraph at lines 3649--3650
[]\T1/lmr/m/n/10 (-20) 107236125.48  
 []


Overfull \hbox (13.96147pt too wide) in paragraph at lines 3655--3656
[]\T1/lmr/m/n/10 (-20) 103348457.47  
 []


Overfull \hbox (14.21147pt too wide) in paragraph at lines 3664--3665
[]\T1/lmr/m/n/10 (-20) 127745308.26  
 []


Overfull \hbox (14.21147pt too wide) in paragraph at lines 3670--3671
[]\T1/lmr/m/n/10 (-20) 103388230.49  
 []


Overfull \hbox (13.96147pt too wide) in paragraph at lines 3679--3680
[]\T1/lmr/m/n/10 (-20) 134777212.87  
 []


Overfull \hbox (9.81148pt too wide) in paragraph at lines 3685--3686
[]\T1/lmr/m/n/10 (-20) 98501105.28  
 []


Overfull \hbox (9.81148pt too wide) in paragraph at lines 3694--3695
[]\T1/lmr/m/n/10 (-20) 95390644.85  
 []


Overfull \hbox (13.96147pt too wide) in paragraph at lines 3700--3701
[]\T1/lmr/m/n/10 (-20) 107740656.17  
 []


Overfull \hbox (14.21147pt too wide) in paragraph at lines 3709--3710
[]\T1/lmr/m/n/10 (-20) 127064172.96  
 []


Overfull \hbox (13.46147pt too wide) in paragraph at lines 3715--3716
[]\T1/lmr/m/n/10 (-20) 103348496.81  
 []


Overfull \hbox (14.21147pt too wide) in paragraph at lines 3724--3725
[]\T1/lmr/m/n/10 (-20) 119845469.73  
 []


Overfull \hbox (14.21147pt too wide) in paragraph at lines 3730--3731
[]\T1/lmr/m/n/10 (-20) 103356522.65  
 []


Overfull \hbox (14.21147pt too wide) in paragraph at lines 3739--3740
[]\T1/lmr/m/n/10 (-20) 106589283.16  
 []


Overfull \hbox (14.21147pt too wide) in paragraph at lines 3745--3746
[]\T1/lmr/m/n/10 (-20) 102270252.63  
 []


Overfull \hbox (14.21147pt too wide) in paragraph at lines 3754--3755
[]\T1/lmr/m/n/10 (-20) 107221952.93  
 []


Overfull \hbox (14.21147pt too wide) in paragraph at lines 3760--3761
[]\T1/lmr/m/n/10 (-20) 103666880.00  
 []


Overfull \hbox (9.81148pt too wide) in paragraph at lines 3769--3770
[]\T1/lmr/m/n/10 (-20) 96605006.46  
 []


Overfull \hbox (14.21147pt too wide) in paragraph at lines 3775--3776
[]\T1/lmr/m/n/10 (-20) 104890891.46  
 []


Overfull \hbox (13.46147pt too wide) in paragraph at lines 3784--3785
[]\T1/lmr/m/n/10 (-20) 107233510.81  
 []


Overfull \hbox (14.21147pt too wide) in paragraph at lines 3790--3791
[]\T1/lmr/m/n/10 (-20) 103348515.03  
 []


Overfull \hbox (14.11147pt too wide) in paragraph at lines 3799--3800
[]\T1/lmr/m/n/10 (-20) 126196026.94  
 []


Overfull \hbox (13.96147pt too wide) in paragraph at lines 3805--3806
[]\T1/lmr/m/n/10 (-20) 103348457.47  
 []


Overfull \hbox (14.21147pt too wide) in paragraph at lines 3814--3815
[]\T1/lmr/m/n/10 (-20) 148137256.36  
 []


Overfull \hbox (9.81148pt too wide) in paragraph at lines 3820--3821
[]\T1/lmr/m/n/10 (-20) 99389152.40  
 []


Overfull \hbox (17.81975pt too wide) in paragraph at lines 3829--3830
[]\T1/lmr/bx/n/10 (-20) 88801471.25  
 []


Overfull \hbox (17.81975pt too wide) in paragraph at lines 3835--3836
[]\T1/lmr/bx/n/10 (-20) 96620729.06  
 []


Overfull \hbox (9.81148pt too wide) in paragraph at lines 3844--3845
[]\T1/lmr/m/n/10 (-20) 92969278.99  
 []


Overfull \hbox (13.46147pt too wide) in paragraph at lines 3850--3851
[]\T1/lmr/m/n/10 (-20) 100335635.61  
 []


Overfull \hbox (14.21147pt too wide) in paragraph at lines 3859--3860
[]\T1/lmr/m/n/10 (-20) 104259020.48  
 []


Overfull \hbox (14.21147pt too wide) in paragraph at lines 3865--3866
[]\T1/lmr/m/n/10 (-20) 105869897.76  
 []


Overfull \hbox (7.79724pt too wide) in paragraph at lines 3911--3912
[]\T1/lmr/m/n/10 (-20) MAPE  
 []


Overfull \hbox (7.79724pt too wide) in paragraph at lines 3917--3918
[]\T1/lmr/m/n/10 (-20) MAPE  
 []


Overfull \hbox (7.79724pt too wide) in paragraph at lines 3923--3924
[]\T1/lmr/m/n/10 (-20) MAPE  
 []


Overfull \hbox (28.04807pt too wide) in paragraph at lines 3928--3929
[]\T1/lmr/m/n/10 (-20) 106906837.92  
 []


Overfull \hbox (0.85025pt too wide) in paragraph at lines 3930--3931
\T1/lmr/m/n/10 (-20) 0.01  
 []


Overfull \hbox (7.94331pt too wide) in paragraph at lines 3932--3933
[]\T1/lmr/m/n/10 (-20) 27.90%  
 []


Overfull \hbox (27.79807pt too wide) in paragraph at lines 3934--3935
[]\T1/lmr/m/n/10 (-20) 107373204.57  
 []


Overfull \hbox (1.60025pt too wide) in paragraph at lines 3936--3937
\T1/lmr/m/n/10 (-20) 0.02  
 []


Overfull \hbox (7.94331pt too wide) in paragraph at lines 3938--3939
[]\T1/lmr/m/n/10 (-20) 27.97%  
 []


Overfull \hbox (28.17778pt too wide) in paragraph at lines 3940--3941
[]\T1/lmr/m/n/10 (-20) 106619178.77  
 []


Overfull \hbox (7.94331pt too wide) in paragraph at lines 3944--3945
[]\T1/lmr/m/n/10 (-20) 27.84%  
 []


Overfull \hbox (28.04807pt too wide) in paragraph at lines 3949--3950
[]\T1/lmr/m/n/10 (-20) 103388230.49  
 []


Overfull \hbox (1.60025pt too wide) in paragraph at lines 3951--3952
[]\T1/lmr/m/n/10 (-20) 0.02  
 []


Overfull \hbox (7.94331pt too wide) in paragraph at lines 3953--3954
[]\T1/lmr/m/n/10 (-20) 27.22%  
 []


Overfull \hbox (28.04807pt too wide) in paragraph at lines 3955--3956
[]\T1/lmr/m/n/10 (-20) 103388230.49  
 []


Overfull \hbox (1.60025pt too wide) in paragraph at lines 3957--3958
[]\T1/lmr/m/n/10 (-20) 0.02  
 []


Overfull \hbox (7.94331pt too wide) in paragraph at lines 3959--3960
[]\T1/lmr/m/n/10 (-20) 27.22%  
 []


Overfull \hbox (28.42778pt too wide) in paragraph at lines 3961--3962
[]\T1/lmr/m/n/10 (-20) 103388230.49  
 []


Overfull \hbox (1.22054pt too wide) in paragraph at lines 3963--3964
[]\T1/lmr/m/n/10 (-20) 0.02  
 []


Overfull \hbox (7.94331pt too wide) in paragraph at lines 3965--3966
[]\T1/lmr/m/n/10 (-20) 27.22%  
 []


Overfull \hbox (22.89807pt too wide) in paragraph at lines 3970--3971
[]\T1/lmr/m/n/10 (-20) 98501105.81  
 []


Overfull \hbox (1.35025pt too wide) in paragraph at lines 3972--3973
[]\T1/lmr/m/n/10 (-20) 0.07  
 []


Overfull \hbox (7.94331pt too wide) in paragraph at lines 3974--3975
[]\T1/lmr/m/n/10 (-20) 26.34%  
 []


Overfull \hbox (22.89807pt too wide) in paragraph at lines 3976--3977
[]\T1/lmr/m/n/10 (-20) 98501105.81  
 []


Overfull \hbox (1.35025pt too wide) in paragraph at lines 3978--3979
[]\T1/lmr/m/n/10 (-20) 0.07  
 []


Overfull \hbox (7.94331pt too wide) in paragraph at lines 3980--3981
[]\T1/lmr/m/n/10 (-20) 26.34%  
 []


Overfull \hbox (27.67778pt too wide) in paragraph at lines 3982--3983
[]\T1/lmr/m/n/10 (-20) 111934470.51  
 []


Overfull \hbox (1.22054pt too wide) in paragraph at lines 3984--3985
\T1/lmr/m/n/10 (-20) 0.06  
 []


Overfull \hbox (7.94331pt too wide) in paragraph at lines 3986--3987
[]\T1/lmr/m/n/10 (-20) 28.53%  
 []


Overfull \hbox (23.64807pt too wide) in paragraph at lines 3991--3992
[]\T1/lmr/m/n/10 (-20) 92032913.25  
 []


Overfull \hbox (1.60025pt too wide) in paragraph at lines 3993--3994
[]\T1/lmr/m/n/10 (-20) 0.13  
 []


Overfull \hbox (7.94331pt too wide) in paragraph at lines 3995--3996
[]\T1/lmr/m/n/10 (-20) 26.23%  
 []


Overfull \hbox (32.94806pt too wide) in paragraph at lines 3997--3998
[]\T1/lmr/m/n/10 (-20) 1070561021.26  
 []


Overfull \hbox (0.85025pt too wide) in paragraph at lines 3999--4000
\T1/lmr/m/n/10 (-20) 0.01  
 []


Overfull \hbox (7.94331pt too wide) in paragraph at lines 4001--4002
[]\T1/lmr/m/n/10 (-20) 27.54%  
 []


Overfull \hbox (27.67778pt too wide) in paragraph at lines 4003--4004
[]\T1/lmr/m/n/10 (-20) 105495312.61  
 []


Overfull \hbox (1.22054pt too wide) in paragraph at lines 4005--4006
[]\T1/lmr/m/n/10 (-20) 0.00  
 []


Overfull \hbox (7.94331pt too wide) in paragraph at lines 4007--4008
[]\T1/lmr/m/n/10 (-20) 26.98%  
 []


Overfull \hbox (27.94806pt too wide) in paragraph at lines 4012--4013
[]\T1/lmr/m/n/10 (-20) 105305752.04  
 []


Overfull \hbox (1.60025pt too wide) in paragraph at lines 4014--4015
[]\T1/lmr/m/n/10 (-20) 0.00  
 []


Overfull \hbox (7.94331pt too wide) in paragraph at lines 4016--4017
[]\T1/lmr/m/n/10 (-20) 27.74%  
 []


Overfull \hbox (27.94806pt too wide) in paragraph at lines 4018--4019
[]\T1/lmr/m/n/10 (-20) 106784938.14  
 []


Overfull \hbox (0.85025pt too wide) in paragraph at lines 4020--4021
\T1/lmr/m/n/10 (-20) 0.01  
 []


Overfull \hbox (7.94331pt too wide) in paragraph at lines 4022--4023
[]\T1/lmr/m/n/10 (-20) 27.62%  
 []


Overfull \hbox (28.42778pt too wide) in paragraph at lines 4024--4025
[]\T1/lmr/m/n/10 (-20) 101153905.69  
 []


Overfull \hbox (1.12053pt too wide) in paragraph at lines 4026--4027
[]\T1/lmr/m/n/10 (-20) 0.04  
 []


Overfull \hbox (7.94331pt too wide) in paragraph at lines 4028--4029
[]\T1/lmr/m/n/10 (-20) 26.97%  
 []


Overfull \hbox (3.12476pt too wide) in paragraph at lines 4031--4032
[]\T1/lmr/m/n/10 (-20) ElasticNet  
 []


Overfull \hbox (28.04807pt too wide) in paragraph at lines 4033--4034
[]\T1/lmr/m/n/10 (-20) 103684573.28  
 []


Overfull \hbox (1.60025pt too wide) in paragraph at lines 4035--4036
[]\T1/lmr/m/n/10 (-20) 0.02  
 []


Overfull \hbox (7.94331pt too wide) in paragraph at lines 4037--4038
[]\T1/lmr/m/n/10 (-20) 27.26%  
 []


Overfull \hbox (27.94806pt too wide) in paragraph at lines 4039--4040
[]\T1/lmr/m/n/10 (-20) 103690201.94  
 []


Overfull \hbox (1.60025pt too wide) in paragraph at lines 4041--4042
[]\T1/lmr/m/n/10 (-20) 0.02  
 []


Overfull \hbox (7.94331pt too wide) in paragraph at lines 4043--4044
[]\T1/lmr/m/n/10 (-20) 27.24%  
 []


Overfull \hbox (28.17778pt too wide) in paragraph at lines 4045--4046
[]\T1/lmr/m/n/10 (-20) 103522484.07  
 []


Overfull \hbox (1.22054pt too wide) in paragraph at lines 4047--4048
[]\T1/lmr/m/n/10 (-20) 0.03  
 []


Overfull \hbox (7.94331pt too wide) in paragraph at lines 4049--4050
[]\T1/lmr/m/n/10 (-20) 27.22%  
 []


Overfull \hbox (28.04807pt too wide) in paragraph at lines 4054--4055
[]\T1/lmr/m/n/10 (-20) 106627352.45  
 []


Overfull \hbox (0.85025pt too wide) in paragraph at lines 4056--4057
\T1/lmr/m/n/10 (-20) 0.01  
 []


Overfull \hbox (7.94331pt too wide) in paragraph at lines 4058--4059
[]\T1/lmr/m/n/10 (-20) 27.55%  
 []


Overfull \hbox (28.04807pt too wide) in paragraph at lines 4060--4061
[]\T1/lmr/m/n/10 (-20) 106614398.08  
 []


Overfull \hbox (0.85025pt too wide) in paragraph at lines 4062--4063
\T1/lmr/m/n/10 (-20) 0.01  
 []


Overfull \hbox (7.94331pt too wide) in paragraph at lines 4064--4065
[]\T1/lmr/m/n/10 (-20) 27.54%  
 []


Overfull \hbox (28.42778pt too wide) in paragraph at lines 4066--4067
[]\T1/lmr/m/n/10 (-20) 106608902.16  
 []


Overfull \hbox (7.94331pt too wide) in paragraph at lines 4070--4071
[]\T1/lmr/m/n/10 (-20) 27.54%  
 []


Overfull \hbox (28.04807pt too wide) in paragraph at lines 4075--4076
[]\T1/lmr/m/n/10 (-20) 107221960.43  
 []


Overfull \hbox (1.60025pt too wide) in paragraph at lines 4077--4078
\T1/lmr/m/n/10 (-20) 0.02  
 []


Overfull \hbox (7.94331pt too wide) in paragraph at lines 4079--4080
[]\T1/lmr/m/n/10 (-20) 27.88%  
 []


Overfull \hbox (28.04807pt too wide) in paragraph at lines 4081--4082
[]\T1/lmr/m/n/10 (-20) 107221946.63  
 []


Overfull \hbox (1.60025pt too wide) in paragraph at lines 4083--4084
\T1/lmr/m/n/10 (-20) 0.02  
 []


Overfull \hbox (7.94331pt too wide) in paragraph at lines 4085--4086
[]\T1/lmr/m/n/10 (-20) 27.88%  
 []


Overfull \hbox (28.42778pt too wide) in paragraph at lines 4087--4088
[]\T1/lmr/m/n/10 (-20) 107221946.62  
 []


Overfull \hbox (7.94331pt too wide) in paragraph at lines 4091--4092
[]\T1/lmr/m/n/10 (-20) 27.88%  
 []


Overfull \hbox (27.79807pt too wide) in paragraph at lines 4096--4097
[]\T1/lmr/m/n/10 (-20) 109582953.87  
 []


Overfull \hbox (1.50024pt too wide) in paragraph at lines 4098--4099
\T1/lmr/m/n/10 (-20) 0.04  
 []


Overfull \hbox (7.94331pt too wide) in paragraph at lines 4100--4101
[]\T1/lmr/m/n/10 (-20) 28.18%  
 []


Overfull \hbox (23.64807pt too wide) in paragraph at lines 4102--4103
[]\T1/lmr/m/n/10 (-20) 99717999.88  
 []


Overfull \hbox (1.60025pt too wide) in paragraph at lines 4104--4105
[]\T1/lmr/m/n/10 (-20) 0.06  
 []


Overfull \hbox (7.94331pt too wide) in paragraph at lines 4106--4107
[]\T1/lmr/m/n/10 (-20) 26.52%  
 []


Overfull \hbox (28.42778pt too wide) in paragraph at lines 4108--4109
[]\T1/lmr/m/n/10 (-20) 101163563.43  
 []


Overfull \hbox (1.12053pt too wide) in paragraph at lines 4110--4111
[]\T1/lmr/m/n/10 (-20) 0.04  
 []


Overfull \hbox (7.94331pt too wide) in paragraph at lines 4112--4113
[]\T1/lmr/m/n/10 (-20) 27.34%  
 []


Overfull \hbox (27.29807pt too wide) in paragraph at lines 4117--4118
[]\T1/lmr/m/n/10 (-20) 103452724.71  
 []


Overfull \hbox (1.60025pt too wide) in paragraph at lines 4119--4120
[]\T1/lmr/m/n/10 (-20) 0.02  
 []


Overfull \hbox (7.94331pt too wide) in paragraph at lines 4121--4122
[]\T1/lmr/m/n/10 (-20) 27.18%  
 []


Overfull \hbox (28.04807pt too wide) in paragraph at lines 4123--4124
[]\T1/lmr/m/n/10 (-20) 103450924.98  
 []


Overfull \hbox (1.60025pt too wide) in paragraph at lines 4125--4126
[]\T1/lmr/m/n/10 (-20) 0.02  
 []


Overfull \hbox (7.94331pt too wide) in paragraph at lines 4127--4128
[]\T1/lmr/m/n/10 (-20) 27.17%  
 []


Overfull \hbox (28.42778pt too wide) in paragraph at lines 4129--4130
[]\T1/lmr/m/n/10 (-20) 103408383.92  
 []


Overfull \hbox (1.22054pt too wide) in paragraph at lines 4131--4132
[]\T1/lmr/m/n/10 (-20) 0.02  
 []


Overfull \hbox (7.94331pt too wide) in paragraph at lines 4133--4134
[]\T1/lmr/m/n/10 (-20) 27.17%  
 []


Overfull \hbox (27.94806pt too wide) in paragraph at lines 4138--4139
[]\T1/lmr/m/n/10 (-20) 105308653.34  
 []


Overfull \hbox (1.60025pt too wide) in paragraph at lines 4140--4141
[]\T1/lmr/m/n/10 (-20) 0.00  
 []


Overfull \hbox (7.94331pt too wide) in paragraph at lines 4142--4143
[]\T1/lmr/m/n/10 (-20) 27.74%  
 []


Overfull \hbox (27.29807pt too wide) in paragraph at lines 4144--4145
[]\T1/lmr/m/n/10 (-20) 106815493.01  
 []


Overfull \hbox (0.85025pt too wide) in paragraph at lines 4146--4147
\T1/lmr/m/n/10 (-20) 0.01  
 []


Overfull \hbox (7.94331pt too wide) in paragraph at lines 4148--4149
[]\T1/lmr/m/n/10 (-20) 27.63%  
 []


Overfull \hbox (28.42778pt too wide) in paragraph at lines 4150--4151
[]\T1/lmr/m/n/10 (-20) 101035106.45  
 []


Overfull \hbox (1.12053pt too wide) in paragraph at lines 4152--4153
[]\T1/lmr/m/n/10 (-20) 0.04  
 []


Overfull \hbox (7.94331pt too wide) in paragraph at lines 4154--4155
[]\T1/lmr/m/n/10 (-20) 26.96%  
 []


Overfull \hbox (28.04807pt too wide) in paragraph at lines 4159--4160
[]\T1/lmr/m/n/10 (-20) 106373421.48  
 []


Overfull \hbox (0.85025pt too wide) in paragraph at lines 4161--4162
\T1/lmr/m/n/10 (-20) 0.01  
 []


Overfull \hbox (7.94331pt too wide) in paragraph at lines 4163--4164
[]\T1/lmr/m/n/10 (-20) 27.56%  
 []


Overfull \hbox (23.54807pt too wide) in paragraph at lines 4165--4166
[]\T1/lmr/m/n/10 (-20) 98205464.34  
 []


Overfull \hbox (1.35025pt too wide) in paragraph at lines 4167--4168
[]\T1/lmr/m/n/10 (-20) 0.07  
 []


Overfull \hbox (7.94331pt too wide) in paragraph at lines 4169--4170
[]\T1/lmr/m/n/10 (-20) 26.76%  
 []


Overfull \hbox (27.67778pt too wide) in paragraph at lines 4171--4172
[]\T1/lmr/m/n/10 (-20) 111498145.01  
 []


Overfull \hbox (1.22054pt too wide) in paragraph at lines 4173--4174
\T1/lmr/m/n/10 (-20) 0.06  
 []


Overfull \hbox (7.94331pt too wide) in paragraph at lines 4175--4176
[]\T1/lmr/m/n/10 (-20) 29.01%  
 []


Overfull \hbox (4.32759pt too wide) in paragraph at lines 4178--4179
[]\T1/lmr/bx/n/10 (-20) XGBoost  
 []


Overfull \hbox (31.65634pt too wide) in paragraph at lines 4180--4181
[]\T1/lmr/bx/n/10 (-20) 83106773.15  
 []


Overfull \hbox (4.46362pt too wide) in paragraph at lines 4182--4183
[]\T1/lmr/bx/n/10 (-20) 0.21  
 []


Overfull \hbox (13.18666pt too wide) in paragraph at lines 4184--4185
[]\T1/lmr/bx/n/10 (-20) 23.37%  
 []


Overfull \hbox (31.65634pt too wide) in paragraph at lines 4186--4187
[]\T1/lmr/bx/n/10 (-20) 82847194.33  
 []


Overfull \hbox (4.46362pt too wide) in paragraph at lines 4188--4189
[]\T1/lmr/bx/n/10 (-20) 0.22  
 []


Overfull \hbox (13.18666pt too wide) in paragraph at lines 4190--4191
[]\T1/lmr/bx/n/10 (-20) 23.17%  
 []


Overfull \hbox (32.03606pt too wide) in paragraph at lines 4192--4193
[]\T1/lmr/bx/n/10 (-20) 82840259.19  
 []


Overfull \hbox (4.08391pt too wide) in paragraph at lines 4194--4195
[]\T1/lmr/bx/n/10 (-20) 0.22  
 []


Overfull \hbox (13.18666pt too wide) in paragraph at lines 4196--4197
[]\T1/lmr/bx/n/10 (-20) 23.72%  
 []


Overfull \hbox (28.04807pt too wide) in paragraph at lines 4201--4202
[]\T1/lmr/m/n/10 (-20) 100473439.50  
 []


Overfull \hbox (1.60025pt too wide) in paragraph at lines 4203--4204
[]\T1/lmr/m/n/10 (-20) 0.05  
 []


Overfull \hbox (7.94331pt too wide) in paragraph at lines 4205--4206
[]\T1/lmr/m/n/10 (-20) 27.00%  
 []


Overfull \hbox (23.54807pt too wide) in paragraph at lines 4207--4208
[]\T1/lmr/m/n/10 (-20) 85922695.34  
 []


Overfull \hbox (1.60025pt too wide) in paragraph at lines 4209--4210
[]\T1/lmr/m/n/10 (-20) 0.19  
 []


Overfull \hbox (7.94331pt too wide) in paragraph at lines 4211--4212
[]\T1/lmr/m/n/10 (-20) 23.73%  
 []


Overfull \hbox (23.27779pt too wide) in paragraph at lines 4213--4214
[]\T1/lmr/m/n/10 (-20) 83251747.41  
 []


Overfull \hbox (7.94331pt too wide) in paragraph at lines 4217--4218
[]\T1/lmr/m/n/10 (-20) 23.66%  
 []


Overfull \hbox (28.04807pt too wide) in paragraph at lines 4222--4223
[]\T1/lmr/m/n/10 (-20) 107236125.48  
 []


Overfull \hbox (0.85025pt too wide) in paragraph at lines 4224--4225
[]\T1/lmr/m/n/10 (-20) 0.01  
 []


Overfull \hbox (7.94331pt too wide) in paragraph at lines 4226--4227
[]\T1/lmr/m/n/10 (-20) 25.35%  
 []


Overfull \hbox (22.89807pt too wide) in paragraph at lines 4228--4229
[]\T1/lmr/m/n/10 (-20) 91714224.21  
 []


Overfull \hbox (1.60025pt too wide) in paragraph at lines 4230--4231
[]\T1/lmr/m/n/10 (-20) 0.13  
 []


Overfull \hbox (7.94331pt too wide) in paragraph at lines 4232--4233
[]\T1/lmr/m/n/10 (-20) 25.69%  
 []


Overfull \hbox (24.02779pt too wide) in paragraph at lines 4234--4235
[]\T1/lmr/m/n/10 (-20) 86069526.82  
 []


Overfull \hbox (1.22054pt too wide) in paragraph at lines 4236--4237
[]\T1/lmr/m/n/10 (-20) 0.19  
 []


Overfull \hbox (7.94331pt too wide) in paragraph at lines 4238--4239
[]\T1/lmr/m/n/10 (-20) 25.19%  
 []

[38] [39] [40] [41]
Overfull \hbox (60.35382pt too wide) in paragraph at lines 4384--4387
\T1/lmr/m/n/10 (-20) tuna.'' An-a-lyt-ics Vidhya.https://www.analyticsvidhya.com/blog/2021/09/optimize-
 []


Overfull \hbox (86.41324pt too wide) in paragraph at lines 4388--4391
\T1/lmr/m/n/10 (-20) Tech-niques.'' 2022. An-a-lyt-ics Vid-hya. https://www.analyticsvidhya.com/blog/2022/02/a-
 []

[42] [43] [44]
Overfull \vbox (110.39607pt too high) has occurred while \output is active []

 [45] [46] [47] [48]
Overfull \vbox (110.39607pt too high) has occurred while \output is active []

 [49] [50] [51] [52]
Overfull \vbox (111.00732pt too high) has occurred while \output is active []

 [53] (./f239f640fefe43bb8bc0698cafd57825.aux) ) 
Here is how much of TeX's memory you used:
 13654 strings out of 478287
 220962 string characters out of 5849290
 592938 words of memory out of 5000000
 31267 multiletter control sequences out of 15000+600000
 505008 words of font info for 113 fonts, out of 8000000 for 9000
 1141 hyphenation exceptions out of 8191
 74i,11n,77p,1146b,455s stack positions out of 5000i,500n,10000p,200000b,80000s
pdfTeX warning (dest): name{table-a.3---table-of-good-performance-hyperparameters-for-each-models-of-k} has been referenced but does not exist, replaced by a fixed one

pdfTeX warning (dest): name{table-a.2---table-of-good-performance-hyperparameters-for-each-models-of-p} has been referenced but does not exist, replaced by a fixed one

pdfTeX warning (dest): name{table-a.1---table-of-good-performance-hyperparameters-for-each-models-of-chlorophyll} has been referenced but does not exist, replaced by a fixed one

pdfTeX warning (dest): name{table-6---comparison-of-learning-models-performance-in-k-concentration-prediction-with-3-5-7-pca-components} has been referenced but does not exist, replaced by a fixed one

pdfTeX warning (dest): name{table-5---comparison-of-learning-models-performance-in-k-concentration-prediction} has been referenced but does not exist, replaced by a fixed one

pdfTeX warning (dest): name{table-4---comparison-of-learning-models-performance-in-p-concentration-prediction-with-3-5-7-pca-components} has been referenced but does not exist, replaced by a fixed one

pdfTeX warning (dest): name{table-3---comparison-of-learning-models-performance-in-p-concentration-prediction} has been referenced but does not exist, replaced by a fixed one

pdfTeX warning (dest): name{table-2---comparison-of-learning-models-performance-in-chlorophyll-prediction-with-3-5-7-pca-components} has been referenced but does not exist, replaced by a fixed one

pdfTeX warning (dest): name{table-1---comparison-of-learning-models-performance-in-chlorophyll-prediction} has been referenced but does not exist, replaced by a fixed one

{/usr/share/texmf/fonts/enc/dvips/lm/lm-rm.enc}{/usr/share/texmf/fonts/enc/dvips/lm/lm-mathsy.enc}{/usr/share/texmf/fonts/enc/dvips/lm/lm-mathit.enc}{/usr/share/texmf/fonts/enc/dvips/lm/lm-mathex.enc}{/usr/share/texmf/fonts/enc/dvips/lm/lm-ec.enc}{/usr/share/texmf/fonts/enc/dvips/lm/lm-ts1.enc}</usr/share/texmf/fonts/type1/public/lm/lmbx10.pfb></usr/share/texmf/fonts/type1/public/lm/lmbx12.pfb></usr/share/texmf/fonts/type1/public/lm/lmbx7.pfb></usr/share/texmf/fonts/type1/public/lm/lmex10.pfb></usr/share/texmf/fonts/type1/public/lm/lmmi10.pfb></usr/share/texmf/fonts/type1/public/lm/lmmi5.pfb></usr/share/texmf/fonts/type1/public/lm/lmmi7.pfb></usr/share/texmf/fonts/type1/public/lm/lmr10.pfb></usr/share/texmf/fonts/type1/public/lm/lmr5.pfb></usr/share/texmf/fonts/type1/public/lm/lmr7.pfb></usr/share/texmf/fonts/type1/public/lm/lmsy10.pfb></usr/share/texmf/fonts/type1/public/lm/lmsy5.pfb></usr/share/texmf/fonts/type1/public/lm/lmsy7.pfb>
Output written on f239f640fefe43bb8bc0698cafd57825.pdf (53 pages, 1189701 bytes).
PDF statistics:
 789 PDF objects out of 1000 (max. 8388607)
 672 compressed objects within 7 object streams
 230 named destinations out of 1000 (max. 500000)
 20882 words of extra memory for PDF output out of 24883 (max. 10000000)

